<?xml version="1.0" encoding="UTF-8"?>
<testsuite name="com.example.demo.RedisConPocApplicationTests" tests="1" skipped="0" failures="0" errors="0" timestamp="2017-08-14T09:32:38" hostname="pl1inpun0480pc" time="0.015">
  <properties/>
  <testcase name="contextLoads" classname="com.example.demo.RedisConPocApplicationTests" time="0.015"/>
  <system-out><![CDATA[15:02:36.402 [Test worker] DEBUG org.springframework.test.context.junit4.SpringJUnit4ClassRunner - SpringJUnit4ClassRunner constructor called with [class com.example.demo.RedisConPocApplicationTests]
15:02:36.402 [Test worker] DEBUG org.springframework.test.context.BootstrapUtils - Instantiating CacheAwareContextLoaderDelegate from class [org.springframework.test.context.cache.DefaultCacheAwareContextLoaderDelegate]
15:02:36.402 [Test worker] DEBUG org.springframework.test.context.BootstrapUtils - Instantiating BootstrapContext using constructor [public org.springframework.test.context.support.DefaultBootstrapContext(java.lang.Class,org.springframework.test.context.CacheAwareContextLoaderDelegate)]
15:02:36.417 [Test worker] DEBUG org.springframework.test.context.BootstrapUtils - Instantiating TestContextBootstrapper for test class [com.example.demo.RedisConPocApplicationTests] from class [org.springframework.boot.test.context.SpringBootTestContextBootstrapper]
15:02:36.433 [Test worker] INFO org.springframework.boot.test.context.SpringBootTestContextBootstrapper - Neither @ContextConfiguration nor @ContextHierarchy found for test class [com.example.demo.RedisConPocApplicationTests], using SpringBootContextLoader
15:02:36.433 [Test worker] DEBUG org.springframework.test.context.support.AbstractContextLoader - Did not detect default resource location for test class [com.example.demo.RedisConPocApplicationTests]: class path resource [com/example/demo/RedisConPocApplicationTests-context.xml] does not exist
15:02:36.433 [Test worker] DEBUG org.springframework.test.context.support.AbstractContextLoader - Did not detect default resource location for test class [com.example.demo.RedisConPocApplicationTests]: class path resource [com/example/demo/RedisConPocApplicationTestsContext.groovy] does not exist
15:02:36.433 [Test worker] INFO org.springframework.test.context.support.AbstractContextLoader - Could not detect default resource locations for test class [com.example.demo.RedisConPocApplicationTests]: no resource found for suffixes {-context.xml, Context.groovy}.
15:02:36.433 [Test worker] INFO org.springframework.test.context.support.AnnotationConfigContextLoaderUtils - Could not detect default configuration classes for test class [com.example.demo.RedisConPocApplicationTests]: RedisConPocApplicationTests does not declare any static, non-private, non-final, nested classes annotated with @Configuration.
15:02:36.449 [Test worker] DEBUG org.springframework.test.context.support.ActiveProfilesUtils - Could not find an 'annotation declaring class' for annotation type [org.springframework.test.context.ActiveProfiles] and class [com.example.demo.RedisConPocApplicationTests]
15:02:36.464 [Test worker] DEBUG org.springframework.core.env.StandardEnvironment - Adding [systemProperties] PropertySource with lowest search precedence
15:02:36.464 [Test worker] DEBUG org.springframework.core.env.StandardEnvironment - Adding [systemEnvironment] PropertySource with lowest search precedence
15:02:36.464 [Test worker] DEBUG org.springframework.core.env.StandardEnvironment - Initialized StandardEnvironment with PropertySources [systemProperties,systemEnvironment]
15:02:36.464 [Test worker] DEBUG org.springframework.core.io.support.PathMatchingResourcePatternResolver - Resolved classpath location [com/example/demo/] to resources [URL [file:/D:/sandbox/mindsphereTr/RedisConPoc/build/classes/test/com/example/demo/], URL [file:/D:/sandbox/mindsphereTr/RedisConPoc/build/classes/main/com/example/demo/]]
15:02:36.464 [Test worker] DEBUG org.springframework.core.io.support.PathMatchingResourcePatternResolver - Looking for matching resources in directory tree [D:\sandbox\mindsphereTr\RedisConPoc\build\classes\test\com\example\demo]
15:02:36.464 [Test worker] DEBUG org.springframework.core.io.support.PathMatchingResourcePatternResolver - Searching directory [D:\sandbox\mindsphereTr\RedisConPoc\build\classes\test\com\example\demo] for files matching pattern [D:/sandbox/mindsphereTr/RedisConPoc/build/classes/test/com/example/demo/*.class]
15:02:36.464 [Test worker] DEBUG org.springframework.core.io.support.PathMatchingResourcePatternResolver - Looking for matching resources in directory tree [D:\sandbox\mindsphereTr\RedisConPoc\build\classes\main\com\example\demo]
15:02:36.464 [Test worker] DEBUG org.springframework.core.io.support.PathMatchingResourcePatternResolver - Searching directory [D:\sandbox\mindsphereTr\RedisConPoc\build\classes\main\com\example\demo] for files matching pattern [D:/sandbox/mindsphereTr/RedisConPoc/build/classes/main/com/example/demo/*.class]
15:02:36.464 [Test worker] DEBUG org.springframework.core.io.support.PathMatchingResourcePatternResolver - Resolved location pattern [classpath*:com/example/demo/*.class] to resources [file [D:\sandbox\mindsphereTr\RedisConPoc\build\classes\test\com\example\demo\RedisConPocApplicationTests.class], file [D:\sandbox\mindsphereTr\RedisConPoc\build\classes\main\com\example\demo\RedisConPocApplication.class]]
15:02:36.496 [Test worker] DEBUG org.springframework.context.annotation.ClassPathScanningCandidateComponentProvider - Identified candidate component class: file [D:\sandbox\mindsphereTr\RedisConPoc\build\classes\main\com\example\demo\RedisConPocApplication.class]
15:02:36.496 [Test worker] INFO org.springframework.boot.test.context.SpringBootTestContextBootstrapper - Found @SpringBootConfiguration com.example.demo.RedisConPocApplication for test class com.example.demo.RedisConPocApplicationTests
15:02:36.496 [Test worker] DEBUG org.springframework.boot.test.context.SpringBootTestContextBootstrapper - @TestExecutionListeners is not present for class [com.example.demo.RedisConPocApplicationTests]: using defaults.
15:02:36.511 [Test worker] INFO org.springframework.boot.test.context.SpringBootTestContextBootstrapper - Loaded default TestExecutionListener class names from location [META-INF/spring.factories]: [org.springframework.boot.test.mock.mockito.MockitoTestExecutionListener, org.springframework.boot.test.mock.mockito.ResetMocksTestExecutionListener, org.springframework.boot.test.autoconfigure.restdocs.RestDocsTestExecutionListener, org.springframework.boot.test.autoconfigure.web.client.MockRestServiceServerResetTestExecutionListener, org.springframework.boot.test.autoconfigure.web.servlet.MockMvcPrintOnlyOnFailureTestExecutionListener, org.springframework.boot.test.autoconfigure.web.servlet.WebDriverTestExecutionListener, org.springframework.test.context.web.ServletTestExecutionListener, org.springframework.test.context.support.DirtiesContextBeforeModesTestExecutionListener, org.springframework.test.context.support.DependencyInjectionTestExecutionListener, org.springframework.test.context.support.DirtiesContextTestExecutionListener, org.springframework.test.context.transaction.TransactionalTestExecutionListener, org.springframework.test.context.jdbc.SqlScriptsTestExecutionListener]
15:02:36.527 [Test worker] INFO org.springframework.boot.test.context.SpringBootTestContextBootstrapper - Using TestExecutionListeners: [org.springframework.test.context.web.ServletTestExecutionListener@33e7224a, org.springframework.test.context.support.DirtiesContextBeforeModesTestExecutionListener@1ecb93f3, org.springframework.boot.test.autoconfigure.SpringBootDependencyInjectionTestExecutionListener@51bb8710, org.springframework.test.context.support.DirtiesContextTestExecutionListener@5c062c4f, org.springframework.test.context.transaction.TransactionalTestExecutionListener@5679b0f7, org.springframework.test.context.jdbc.SqlScriptsTestExecutionListener@14efe5c0, org.springframework.boot.test.mock.mockito.MockitoTestExecutionListener@1961734a, org.springframework.boot.test.autoconfigure.restdocs.RestDocsTestExecutionListener@74e8507d, org.springframework.boot.test.autoconfigure.web.servlet.WebDriverTestExecutionListener@6f8da81f, org.springframework.boot.test.autoconfigure.web.servlet.MockMvcPrintOnlyOnFailureTestExecutionListener@4a791cb, org.springframework.boot.test.autoconfigure.web.client.MockRestServiceServerResetTestExecutionListener@16ce4936, org.springframework.boot.test.mock.mockito.ResetMocksTestExecutionListener@2093882a]
15:02:36.527 [Test worker] DEBUG org.springframework.test.annotation.ProfileValueUtils - Retrieved @ProfileValueSourceConfiguration [null] for test class [com.example.demo.RedisConPocApplicationTests]
15:02:36.527 [Test worker] DEBUG org.springframework.test.annotation.ProfileValueUtils - Retrieved ProfileValueSource type [class org.springframework.test.annotation.SystemProfileValueSource] for class [com.example.demo.RedisConPocApplicationTests]
15:02:36.527 [Test worker] DEBUG org.springframework.test.annotation.ProfileValueUtils - Retrieved @ProfileValueSourceConfiguration [null] for test class [com.example.demo.RedisConPocApplicationTests]
15:02:36.527 [Test worker] DEBUG org.springframework.test.annotation.ProfileValueUtils - Retrieved ProfileValueSource type [class org.springframework.test.annotation.SystemProfileValueSource] for class [com.example.demo.RedisConPocApplicationTests]
15:02:36.527 [Test worker] DEBUG org.springframework.test.context.support.AbstractDirtiesContextTestExecutionListener - Before test class: context [DefaultTestContext@d4cd366 testClass = RedisConPocApplicationTests, testInstance = [null], testMethod = [null], testException = [null], mergedContextConfiguration = [WebMergedContextConfiguration@6a51b9b6 testClass = RedisConPocApplicationTests, locations = '{}', classes = '{class com.example.demo.RedisConPocApplication}', contextInitializerClasses = '[]', activeProfiles = '{}', propertySourceLocations = '{}', propertySourceProperties = '{org.springframework.boot.test.context.SpringBootTestContextBootstrapper=true}', contextCustomizers = set[org.springframework.boot.test.context.SpringBootTestContextCustomizer@1f5931b, org.springframework.boot.test.context.filter.ExcludeFilterContextCustomizer@596fb3e8, org.springframework.boot.test.json.DuplicateJsonObjectContextCustomizerFactory$DuplicateJsonObjectContextCustomizer@4f017403, org.springframework.boot.test.mock.mockito.MockitoContextCustomizer@0, org.springframework.boot.test.autoconfigure.properties.PropertyMappingContextCustomizer@0, org.springframework.boot.test.autoconfigure.web.servlet.WebDriverContextCustomizerFactory$Customizer@255a0926], resourceBasePath = 'src/main/webapp', contextLoader = 'org.springframework.boot.test.context.SpringBootContextLoader', parent = [null]]], class annotated with @DirtiesContext [false] with mode [null].
15:02:36.527 [Test worker] DEBUG org.springframework.test.annotation.ProfileValueUtils - Retrieved @ProfileValueSourceConfiguration [null] for test class [com.example.demo.RedisConPocApplicationTests]
15:02:36.527 [Test worker] DEBUG org.springframework.test.annotation.ProfileValueUtils - Retrieved ProfileValueSource type [class org.springframework.test.annotation.SystemProfileValueSource] for class [com.example.demo.RedisConPocApplicationTests]
15:02:36.574 [Test worker] DEBUG org.springframework.core.env.StandardEnvironment - Adding [systemProperties] PropertySource with lowest search precedence
15:02:36.574 [Test worker] DEBUG org.springframework.core.env.StandardEnvironment - Adding [systemEnvironment] PropertySource with lowest search precedence
15:02:36.574 [Test worker] DEBUG org.springframework.core.env.StandardEnvironment - Initialized StandardEnvironment with PropertySources [systemProperties,systemEnvironment]
15:02:36.574 [Test worker] DEBUG org.springframework.core.env.MutablePropertySources - Adding [inline] PropertySource with highest search precedence
15:02:36.574 [Test worker] DEBUG org.springframework.test.context.support.TestPropertySourceUtils - Adding inlined properties to environment: {spring.jmx.enabled=false, org.springframework.boot.test.context.SpringBootTestContextBootstrapper=true, server.port=-1}
15:02:36.574 [Test worker] DEBUG org.springframework.core.env.StandardEnvironment - Adding [Inlined Test Properties] PropertySource with highest search precedence

  .   ____          _            __ _ _
 /\\ / ___'_ __ _ _(_)_ __  __ _ \ \ \ \
( ( )\___ | '_ | '_| | '_ \/ _` | \ \ \ \
 \\/  ___)| |_)| | | | | || (_| |  ) ) ) )
  '  |____| .__|_| |_|_| |_\__, | / / / /
 =========|_|==============|___/=/_/_/_/
 :: Spring Boot ::        (v1.5.6.RELEASE)

2017-08-14 15:02:36.746  INFO 9464 --- [    Test worker] c.e.demo.RedisConPocApplicationTests     : Starting RedisConPocApplicationTests on pl1inpun0480pc with PID 9464 (started by oeme3k in D:\sandbox\mindsphereTr\RedisConPoc)
2017-08-14 15:02:36.746  INFO 9464 --- [    Test worker] c.e.demo.RedisConPocApplicationTests     : The following profiles are active: azureRedis
2017-08-14 15:02:36.761  INFO 9464 --- [    Test worker] o.s.w.c.s.GenericWebApplicationContext   : Refreshing org.springframework.web.context.support.GenericWebApplicationContext@5ab3547: startup date [Mon Aug 14 15:02:36 IST 2017]; root of context hierarchy
2017-08-14 15:02:37.168  INFO 9464 --- [    Test worker] .s.d.r.c.RepositoryConfigurationDelegate : Multiple Spring Data modules found, entering strict repository configuration mode!
2017-08-14 15:02:37.902  INFO 9464 --- [    Test worker] s.w.s.m.m.a.RequestMappingHandlerAdapter : Looking for @ControllerAdvice: org.springframework.web.context.support.GenericWebApplicationContext@5ab3547: startup date [Mon Aug 14 15:02:36 IST 2017]; root of context hierarchy
2017-08-14 15:02:37.949  INFO 9464 --- [    Test worker] s.w.s.m.m.a.RequestMappingHandlerMapping : Mapped "{[/redis/update],methods=[POST]}" onto public java.lang.String com.example.demo.controller.RedisController.update(com.example.demo.student.repo.Student) throws java.lang.InterruptedException,java.lang.ClassNotFoundException,java.io.IOException
2017-08-14 15:02:37.949  INFO 9464 --- [    Test worker] s.w.s.m.m.a.RequestMappingHandlerMapping : Mapped "{[/redis/find],methods=[POST]}" onto public com.example.demo.student.repo.Student com.example.demo.controller.RedisController.find(com.example.demo.student.repo.Student) throws java.lang.InterruptedException,java.lang.ClassNotFoundException,java.io.IOException
2017-08-14 15:02:37.949  INFO 9464 --- [    Test worker] s.w.s.m.m.a.RequestMappingHandlerMapping : Mapped "{[/redis/delete],methods=[POST]}" onto public java.lang.String com.example.demo.controller.RedisController.delete(com.example.demo.student.repo.Student) throws java.lang.InterruptedException,java.io.IOException
2017-08-14 15:02:37.949  INFO 9464 --- [    Test worker] s.w.s.m.m.a.RequestMappingHandlerMapping : Mapped "{[/redis/save],methods=[POST]}" onto public java.lang.String com.example.demo.controller.RedisController.save(com.example.demo.student.repo.Student) throws java.lang.InterruptedException
2017-08-14 15:02:37.949  INFO 9464 --- [    Test worker] s.w.s.m.m.a.RequestMappingHandlerMapping : Mapped "{[/redis/healthCheck],methods=[GET]}" onto public java.lang.String com.example.demo.controller.RedisController.healthCheck() throws java.lang.InterruptedException
2017-08-14 15:02:37.949  INFO 9464 --- [    Test worker] s.w.s.m.m.a.RequestMappingHandlerMapping : Mapped "{[/redis/findAll],methods=[GET]}" onto public java.util.Map<java.lang.String, com.example.demo.student.repo.Student> com.example.demo.controller.RedisController.findAll() throws java.lang.InterruptedException,java.lang.ClassNotFoundException,java.io.IOException
2017-08-14 15:02:37.949  INFO 9464 --- [    Test worker] s.w.s.m.m.a.RequestMappingHandlerMapping : Mapped "{[/error]}" onto public org.springframework.http.ResponseEntity<java.util.Map<java.lang.String, java.lang.Object>> org.springframework.boot.autoconfigure.web.BasicErrorController.error(javax.servlet.http.HttpServletRequest)
2017-08-14 15:02:37.949  INFO 9464 --- [    Test worker] s.w.s.m.m.a.RequestMappingHandlerMapping : Mapped "{[/error],produces=[text/html]}" onto public org.springframework.web.servlet.ModelAndView org.springframework.boot.autoconfigure.web.BasicErrorController.errorHtml(javax.servlet.http.HttpServletRequest,javax.servlet.http.HttpServletResponse)
2017-08-14 15:02:37.980  INFO 9464 --- [    Test worker] o.s.w.s.handler.SimpleUrlHandlerMapping  : Mapped URL path [/webjars/**] onto handler of type [class org.springframework.web.servlet.resource.ResourceHttpRequestHandler]
2017-08-14 15:02:37.980  INFO 9464 --- [    Test worker] o.s.w.s.handler.SimpleUrlHandlerMapping  : Mapped URL path [/**] onto handler of type [class org.springframework.web.servlet.resource.ResourceHttpRequestHandler]
2017-08-14 15:02:37.996  INFO 9464 --- [    Test worker] o.s.w.s.handler.SimpleUrlHandlerMapping  : Mapped URL path [/**/favicon.ico] onto handler of type [class org.springframework.web.servlet.resource.ResourceHttpRequestHandler]
2017-08-14 15:02:38.230  INFO 9464 --- [    Test worker] c.e.demo.RedisConPocApplicationTests     : Started RedisConPocApplicationTests in 1.656 seconds (JVM running for 2.236)
]]></system-out>
  <system-err><![CDATA[]]></system-err>
</testsuite>
